<?xml version="1.0" encoding="UTF-8"?>
<testsuite xmlns:xsi="http://www.w3.org/2001/XMLSchema-instance" xsi:noNamespaceSchemaLocation="https://maven.apache.org/surefire/maven-surefire-plugin/xsd/surefire-test-report-3.0.xsd" version="3.0" name="org.lizheng59.NewDemoApplicationTests" time="2.858" tests="2" errors="0" skipped="0" failures="0">
  <properties>
    <property name="sun.desktop" value="windows"/>
    <property name="awt.toolkit" value="sun.awt.windows.WToolkit"/>
    <property name="java.specification.version" value="11"/>
    <property name="sun.cpu.isalist" value="amd64"/>
    <property name="sun.jnu.encoding" value="GBK"/>
    <property name="java.class.path" value="E:\work file\newDemo\newDemo\target\test-classes;E:\work file\newDemo\newDemo\target\classes;D:\Program Files\apache-maven-3.9.10\repository\org\springframework\boot\spring-boot-starter-web\2.6.13\spring-boot-starter-web-2.6.13.jar;D:\Program Files\apache-maven-3.9.10\repository\org\springframework\boot\spring-boot-starter\2.6.13\spring-boot-starter-2.6.13.jar;D:\Program Files\apache-maven-3.9.10\repository\org\springframework\boot\spring-boot\2.6.13\spring-boot-2.6.13.jar;D:\Program Files\apache-maven-3.9.10\repository\org\springframework\boot\spring-boot-starter-logging\2.6.13\spring-boot-starter-logging-2.6.13.jar;D:\Program Files\apache-maven-3.9.10\repository\ch\qos\logback\logback-classic\1.2.11\logback-classic-1.2.11.jar;D:\Program Files\apache-maven-3.9.10\repository\ch\qos\logback\logback-core\1.2.11\logback-core-1.2.11.jar;D:\Program Files\apache-maven-3.9.10\repository\org\apache\logging\log4j\log4j-to-slf4j\2.17.2\log4j-to-slf4j-2.17.2.jar;D:\Program Files\apache-maven-3.9.10\repository\org\apache\logging\log4j\log4j-api\2.17.2\log4j-api-2.17.2.jar;D:\Program Files\apache-maven-3.9.10\repository\org\slf4j\jul-to-slf4j\1.7.36\jul-to-slf4j-1.7.36.jar;D:\Program Files\apache-maven-3.9.10\repository\jakarta\annotation\jakarta.annotation-api\1.3.5\jakarta.annotation-api-1.3.5.jar;D:\Program Files\apache-maven-3.9.10\repository\org\yaml\snakeyaml\1.29\snakeyaml-1.29.jar;D:\Program Files\apache-maven-3.9.10\repository\org\springframework\boot\spring-boot-starter-json\2.6.13\spring-boot-starter-json-2.6.13.jar;D:\Program Files\apache-maven-3.9.10\repository\com\fasterxml\jackson\datatype\jackson-datatype-jdk8\2.13.4\jackson-datatype-jdk8-2.13.4.jar;D:\Program Files\apache-maven-3.9.10\repository\com\fasterxml\jackson\datatype\jackson-datatype-jsr310\2.13.4\jackson-datatype-jsr310-2.13.4.jar;D:\Program Files\apache-maven-3.9.10\repository\com\fasterxml\jackson\module\jackson-module-parameter-names\2.13.4\jackson-module-parameter-names-2.13.4.jar;D:\Program Files\apache-maven-3.9.10\repository\org\springframework\boot\spring-boot-starter-tomcat\2.6.13\spring-boot-starter-tomcat-2.6.13.jar;D:\Program Files\apache-maven-3.9.10\repository\org\apache\tomcat\embed\tomcat-embed-core\9.0.68\tomcat-embed-core-9.0.68.jar;D:\Program Files\apache-maven-3.9.10\repository\org\apache\tomcat\embed\tomcat-embed-el\9.0.68\tomcat-embed-el-9.0.68.jar;D:\Program Files\apache-maven-3.9.10\repository\org\apache\tomcat\embed\tomcat-embed-websocket\9.0.68\tomcat-embed-websocket-9.0.68.jar;D:\Program Files\apache-maven-3.9.10\repository\org\springframework\spring-web\5.3.23\spring-web-5.3.23.jar;D:\Program Files\apache-maven-3.9.10\repository\org\springframework\spring-beans\5.3.23\spring-beans-5.3.23.jar;D:\Program Files\apache-maven-3.9.10\repository\org\springframework\spring-webmvc\5.3.23\spring-webmvc-5.3.23.jar;D:\Program Files\apache-maven-3.9.10\repository\org\springframework\spring-aop\5.3.23\spring-aop-5.3.23.jar;D:\Program Files\apache-maven-3.9.10\repository\org\springframework\spring-context\5.3.23\spring-context-5.3.23.jar;D:\Program Files\apache-maven-3.9.10\repository\org\springframework\spring-expression\5.3.23\spring-expression-5.3.23.jar;D:\Program Files\apache-maven-3.9.10\repository\org\postgresql\postgresql\42.3.7\postgresql-42.3.7.jar;D:\Program Files\apache-maven-3.9.10\repository\org\checkerframework\checker-qual\3.5.0\checker-qual-3.5.0.jar;D:\Program Files\apache-maven-3.9.10\repository\org\springframework\boot\spring-boot-starter-jdbc\3.0.4\spring-boot-starter-jdbc-3.0.4.jar;D:\Program Files\apache-maven-3.9.10\repository\com\zaxxer\HikariCP\4.0.3\HikariCP-4.0.3.jar;D:\Program Files\apache-maven-3.9.10\repository\org\slf4j\slf4j-api\1.7.36\slf4j-api-1.7.36.jar;D:\Program Files\apache-maven-3.9.10\repository\org\springframework\spring-jdbc\5.3.23\spring-jdbc-5.3.23.jar;D:\Program Files\apache-maven-3.9.10\repository\org\springframework\spring-tx\5.3.23\spring-tx-5.3.23.jar;D:\Program Files\apache-maven-3.9.10\repository\com\baomidou\mybatis-plus-core\3.4.3.1\mybatis-plus-core-3.4.3.1.jar;D:\Program Files\apache-maven-3.9.10\repository\com\baomidou\mybatis-plus-annotation\3.4.3.1\mybatis-plus-annotation-3.4.3.1.jar;D:\Program Files\apache-maven-3.9.10\repository\com\github\jsqlparser\jsqlparser\4.0\jsqlparser-4.0.jar;D:\Program Files\apache-maven-3.9.10\repository\org\mybatis\mybatis\3.5.7\mybatis-3.5.7.jar;D:\Program Files\apache-maven-3.9.10\repository\com\baomidou\mybatis-plus-boot-starter\3.4.3.1\mybatis-plus-boot-starter-3.4.3.1.jar;D:\Program Files\apache-maven-3.9.10\repository\com\baomidou\mybatis-plus\3.4.3.1\mybatis-plus-3.4.3.1.jar;D:\Program Files\apache-maven-3.9.10\repository\com\baomidou\mybatis-plus-extension\3.4.3.1\mybatis-plus-extension-3.4.3.1.jar;D:\Program Files\apache-maven-3.9.10\repository\org\mybatis\mybatis-spring\2.0.6\mybatis-spring-2.0.6.jar;D:\Program Files\apache-maven-3.9.10\repository\org\springframework\boot\spring-boot-autoconfigure\2.6.13\spring-boot-autoconfigure-2.6.13.jar;D:\Program Files\apache-maven-3.9.10\repository\org\springframework\boot\spring-boot-starter-test\2.6.13\spring-boot-starter-test-2.6.13.jar;D:\Program Files\apache-maven-3.9.10\repository\org\springframework\boot\spring-boot-test\2.6.13\spring-boot-test-2.6.13.jar;D:\Program Files\apache-maven-3.9.10\repository\org\springframework\boot\spring-boot-test-autoconfigure\2.6.13\spring-boot-test-autoconfigure-2.6.13.jar;D:\Program Files\apache-maven-3.9.10\repository\com\jayway\jsonpath\json-path\2.6.0\json-path-2.6.0.jar;D:\Program Files\apache-maven-3.9.10\repository\net\minidev\json-smart\2.4.8\json-smart-2.4.8.jar;D:\Program Files\apache-maven-3.9.10\repository\net\minidev\accessors-smart\2.4.8\accessors-smart-2.4.8.jar;D:\Program Files\apache-maven-3.9.10\repository\org\ow2\asm\asm\9.1\asm-9.1.jar;D:\Program Files\apache-maven-3.9.10\repository\jakarta\xml\bind\jakarta.xml.bind-api\2.3.3\jakarta.xml.bind-api-2.3.3.jar;D:\Program Files\apache-maven-3.9.10\repository\jakarta\activation\jakarta.activation-api\1.2.2\jakarta.activation-api-1.2.2.jar;D:\Program Files\apache-maven-3.9.10\repository\org\assertj\assertj-core\3.21.0\assertj-core-3.21.0.jar;D:\Program Files\apache-maven-3.9.10\repository\org\hamcrest\hamcrest\2.2\hamcrest-2.2.jar;D:\Program Files\apache-maven-3.9.10\repository\org\junit\jupiter\junit-jupiter\5.8.2\junit-jupiter-5.8.2.jar;D:\Program Files\apache-maven-3.9.10\repository\org\junit\jupiter\junit-jupiter-api\5.8.2\junit-jupiter-api-5.8.2.jar;D:\Program Files\apache-maven-3.9.10\repository\org\opentest4j\opentest4j\1.2.0\opentest4j-1.2.0.jar;D:\Program Files\apache-maven-3.9.10\repository\org\junit\platform\junit-platform-commons\1.8.2\junit-platform-commons-1.8.2.jar;D:\Program Files\apache-maven-3.9.10\repository\org\apiguardian\apiguardian-api\1.1.2\apiguardian-api-1.1.2.jar;D:\Program Files\apache-maven-3.9.10\repository\org\junit\jupiter\junit-jupiter-params\5.8.2\junit-jupiter-params-5.8.2.jar;D:\Program Files\apache-maven-3.9.10\repository\org\junit\jupiter\junit-jupiter-engine\5.8.2\junit-jupiter-engine-5.8.2.jar;D:\Program Files\apache-maven-3.9.10\repository\org\junit\platform\junit-platform-engine\1.8.2\junit-platform-engine-1.8.2.jar;D:\Program Files\apache-maven-3.9.10\repository\org\mockito\mockito-core\4.0.0\mockito-core-4.0.0.jar;D:\Program Files\apache-maven-3.9.10\repository\net\bytebuddy\byte-buddy\1.11.22\byte-buddy-1.11.22.jar;D:\Program Files\apache-maven-3.9.10\repository\net\bytebuddy\byte-buddy-agent\1.11.22\byte-buddy-agent-1.11.22.jar;D:\Program Files\apache-maven-3.9.10\repository\org\objenesis\objenesis\3.2\objenesis-3.2.jar;D:\Program Files\apache-maven-3.9.10\repository\org\mockito\mockito-junit-jupiter\4.0.0\mockito-junit-jupiter-4.0.0.jar;D:\Program Files\apache-maven-3.9.10\repository\org\skyscreamer\jsonassert\1.5.1\jsonassert-1.5.1.jar;D:\Program Files\apache-maven-3.9.10\repository\com\vaadin\external\google\android-json\0.0.20131108.vaadin1\android-json-0.0.20131108.vaadin1.jar;D:\Program Files\apache-maven-3.9.10\repository\org\springframework\spring-core\5.3.23\spring-core-5.3.23.jar;D:\Program Files\apache-maven-3.9.10\repository\org\springframework\spring-jcl\5.3.23\spring-jcl-5.3.23.jar;D:\Program Files\apache-maven-3.9.10\repository\org\springframework\spring-test\5.3.23\spring-test-5.3.23.jar;D:\Program Files\apache-maven-3.9.10\repository\org\xmlunit\xmlunit-core\2.8.4\xmlunit-core-2.8.4.jar;D:\Program Files\apache-maven-3.9.10\repository\com\fasterxml\jackson\core\jackson-databind\2.15.2\jackson-databind-2.15.2.jar;D:\Program Files\apache-maven-3.9.10\repository\com\fasterxml\jackson\core\jackson-annotations\2.13.4\jackson-annotations-2.13.4.jar;D:\Program Files\apache-maven-3.9.10\repository\com\fasterxml\jackson\core\jackson-core\2.13.4\jackson-core-2.13.4.jar;D:\Program Files\apache-maven-3.9.10\repository\org\projectlombok\lombok\1.18.4\lombok-1.18.4.jar;"/>
    <property name="java.vm.vendor" value="Oracle Corporation"/>
    <property name="sun.arch.data.model" value="64"/>
    <property name="user.variant" value=""/>
    <property name="java.vendor.url" value="https://openjdk.java.net/"/>
    <property name="user.timezone" value="Asia/Shanghai"/>
    <property name="java.vm.specification.version" value="11"/>
    <property name="os.name" value="Windows 10"/>
    <property name="sun.java.launcher" value="SUN_STANDARD"/>
    <property name="user.country" value="CN"/>
    <property name="sun.boot.library.path" value="D:\Program Files\Java\jdk-11\bin"/>
    <property name="sun.java.command" value="C:\Users\lizheng59\AppData\Local\Temp\surefire7515873658291509574\surefirebooter-20250626165751192_3.jar C:\Users\lizheng59\AppData\Local\Temp\surefire7515873658291509574 2025-06-26T16-57-51_069-jvmRun1 surefire-20250626165751192_1tmp surefire_0-20250626165751192_2tmp"/>
    <property name="jdk.debug" value="release"/>
    <property name="surefire.test.class.path" value="E:\work file\newDemo\newDemo\target\test-classes;E:\work file\newDemo\newDemo\target\classes;D:\Program Files\apache-maven-3.9.10\repository\org\springframework\boot\spring-boot-starter-web\2.6.13\spring-boot-starter-web-2.6.13.jar;D:\Program Files\apache-maven-3.9.10\repository\org\springframework\boot\spring-boot-starter\2.6.13\spring-boot-starter-2.6.13.jar;D:\Program Files\apache-maven-3.9.10\repository\org\springframework\boot\spring-boot\2.6.13\spring-boot-2.6.13.jar;D:\Program Files\apache-maven-3.9.10\repository\org\springframework\boot\spring-boot-starter-logging\2.6.13\spring-boot-starter-logging-2.6.13.jar;D:\Program Files\apache-maven-3.9.10\repository\ch\qos\logback\logback-classic\1.2.11\logback-classic-1.2.11.jar;D:\Program Files\apache-maven-3.9.10\repository\ch\qos\logback\logback-core\1.2.11\logback-core-1.2.11.jar;D:\Program Files\apache-maven-3.9.10\repository\org\apache\logging\log4j\log4j-to-slf4j\2.17.2\log4j-to-slf4j-2.17.2.jar;D:\Program Files\apache-maven-3.9.10\repository\org\apache\logging\log4j\log4j-api\2.17.2\log4j-api-2.17.2.jar;D:\Program Files\apache-maven-3.9.10\repository\org\slf4j\jul-to-slf4j\1.7.36\jul-to-slf4j-1.7.36.jar;D:\Program Files\apache-maven-3.9.10\repository\jakarta\annotation\jakarta.annotation-api\1.3.5\jakarta.annotation-api-1.3.5.jar;D:\Program Files\apache-maven-3.9.10\repository\org\yaml\snakeyaml\1.29\snakeyaml-1.29.jar;D:\Program Files\apache-maven-3.9.10\repository\org\springframework\boot\spring-boot-starter-json\2.6.13\spring-boot-starter-json-2.6.13.jar;D:\Program Files\apache-maven-3.9.10\repository\com\fasterxml\jackson\datatype\jackson-datatype-jdk8\2.13.4\jackson-datatype-jdk8-2.13.4.jar;D:\Program Files\apache-maven-3.9.10\repository\com\fasterxml\jackson\datatype\jackson-datatype-jsr310\2.13.4\jackson-datatype-jsr310-2.13.4.jar;D:\Program Files\apache-maven-3.9.10\repository\com\fasterxml\jackson\module\jackson-module-parameter-names\2.13.4\jackson-module-parameter-names-2.13.4.jar;D:\Program Files\apache-maven-3.9.10\repository\org\springframework\boot\spring-boot-starter-tomcat\2.6.13\spring-boot-starter-tomcat-2.6.13.jar;D:\Program Files\apache-maven-3.9.10\repository\org\apache\tomcat\embed\tomcat-embed-core\9.0.68\tomcat-embed-core-9.0.68.jar;D:\Program Files\apache-maven-3.9.10\repository\org\apache\tomcat\embed\tomcat-embed-el\9.0.68\tomcat-embed-el-9.0.68.jar;D:\Program Files\apache-maven-3.9.10\repository\org\apache\tomcat\embed\tomcat-embed-websocket\9.0.68\tomcat-embed-websocket-9.0.68.jar;D:\Program Files\apache-maven-3.9.10\repository\org\springframework\spring-web\5.3.23\spring-web-5.3.23.jar;D:\Program Files\apache-maven-3.9.10\repository\org\springframework\spring-beans\5.3.23\spring-beans-5.3.23.jar;D:\Program Files\apache-maven-3.9.10\repository\org\springframework\spring-webmvc\5.3.23\spring-webmvc-5.3.23.jar;D:\Program Files\apache-maven-3.9.10\repository\org\springframework\spring-aop\5.3.23\spring-aop-5.3.23.jar;D:\Program Files\apache-maven-3.9.10\repository\org\springframework\spring-context\5.3.23\spring-context-5.3.23.jar;D:\Program Files\apache-maven-3.9.10\repository\org\springframework\spring-expression\5.3.23\spring-expression-5.3.23.jar;D:\Program Files\apache-maven-3.9.10\repository\org\postgresql\postgresql\42.3.7\postgresql-42.3.7.jar;D:\Program Files\apache-maven-3.9.10\repository\org\checkerframework\checker-qual\3.5.0\checker-qual-3.5.0.jar;D:\Program Files\apache-maven-3.9.10\repository\org\springframework\boot\spring-boot-starter-jdbc\3.0.4\spring-boot-starter-jdbc-3.0.4.jar;D:\Program Files\apache-maven-3.9.10\repository\com\zaxxer\HikariCP\4.0.3\HikariCP-4.0.3.jar;D:\Program Files\apache-maven-3.9.10\repository\org\slf4j\slf4j-api\1.7.36\slf4j-api-1.7.36.jar;D:\Program Files\apache-maven-3.9.10\repository\org\springframework\spring-jdbc\5.3.23\spring-jdbc-5.3.23.jar;D:\Program Files\apache-maven-3.9.10\repository\org\springframework\spring-tx\5.3.23\spring-tx-5.3.23.jar;D:\Program Files\apache-maven-3.9.10\repository\com\baomidou\mybatis-plus-core\3.4.3.1\mybatis-plus-core-3.4.3.1.jar;D:\Program Files\apache-maven-3.9.10\repository\com\baomidou\mybatis-plus-annotation\3.4.3.1\mybatis-plus-annotation-3.4.3.1.jar;D:\Program Files\apache-maven-3.9.10\repository\com\github\jsqlparser\jsqlparser\4.0\jsqlparser-4.0.jar;D:\Program Files\apache-maven-3.9.10\repository\org\mybatis\mybatis\3.5.7\mybatis-3.5.7.jar;D:\Program Files\apache-maven-3.9.10\repository\com\baomidou\mybatis-plus-boot-starter\3.4.3.1\mybatis-plus-boot-starter-3.4.3.1.jar;D:\Program Files\apache-maven-3.9.10\repository\com\baomidou\mybatis-plus\3.4.3.1\mybatis-plus-3.4.3.1.jar;D:\Program Files\apache-maven-3.9.10\repository\com\baomidou\mybatis-plus-extension\3.4.3.1\mybatis-plus-extension-3.4.3.1.jar;D:\Program Files\apache-maven-3.9.10\repository\org\mybatis\mybatis-spring\2.0.6\mybatis-spring-2.0.6.jar;D:\Program Files\apache-maven-3.9.10\repository\org\springframework\boot\spring-boot-autoconfigure\2.6.13\spring-boot-autoconfigure-2.6.13.jar;D:\Program Files\apache-maven-3.9.10\repository\org\springframework\boot\spring-boot-starter-test\2.6.13\spring-boot-starter-test-2.6.13.jar;D:\Program Files\apache-maven-3.9.10\repository\org\springframework\boot\spring-boot-test\2.6.13\spring-boot-test-2.6.13.jar;D:\Program Files\apache-maven-3.9.10\repository\org\springframework\boot\spring-boot-test-autoconfigure\2.6.13\spring-boot-test-autoconfigure-2.6.13.jar;D:\Program Files\apache-maven-3.9.10\repository\com\jayway\jsonpath\json-path\2.6.0\json-path-2.6.0.jar;D:\Program Files\apache-maven-3.9.10\repository\net\minidev\json-smart\2.4.8\json-smart-2.4.8.jar;D:\Program Files\apache-maven-3.9.10\repository\net\minidev\accessors-smart\2.4.8\accessors-smart-2.4.8.jar;D:\Program Files\apache-maven-3.9.10\repository\org\ow2\asm\asm\9.1\asm-9.1.jar;D:\Program Files\apache-maven-3.9.10\repository\jakarta\xml\bind\jakarta.xml.bind-api\2.3.3\jakarta.xml.bind-api-2.3.3.jar;D:\Program Files\apache-maven-3.9.10\repository\jakarta\activation\jakarta.activation-api\1.2.2\jakarta.activation-api-1.2.2.jar;D:\Program Files\apache-maven-3.9.10\repository\org\assertj\assertj-core\3.21.0\assertj-core-3.21.0.jar;D:\Program Files\apache-maven-3.9.10\repository\org\hamcrest\hamcrest\2.2\hamcrest-2.2.jar;D:\Program Files\apache-maven-3.9.10\repository\org\junit\jupiter\junit-jupiter\5.8.2\junit-jupiter-5.8.2.jar;D:\Program Files\apache-maven-3.9.10\repository\org\junit\jupiter\junit-jupiter-api\5.8.2\junit-jupiter-api-5.8.2.jar;D:\Program Files\apache-maven-3.9.10\repository\org\opentest4j\opentest4j\1.2.0\opentest4j-1.2.0.jar;D:\Program Files\apache-maven-3.9.10\repository\org\junit\platform\junit-platform-commons\1.8.2\junit-platform-commons-1.8.2.jar;D:\Program Files\apache-maven-3.9.10\repository\org\apiguardian\apiguardian-api\1.1.2\apiguardian-api-1.1.2.jar;D:\Program Files\apache-maven-3.9.10\repository\org\junit\jupiter\junit-jupiter-params\5.8.2\junit-jupiter-params-5.8.2.jar;D:\Program Files\apache-maven-3.9.10\repository\org\junit\jupiter\junit-jupiter-engine\5.8.2\junit-jupiter-engine-5.8.2.jar;D:\Program Files\apache-maven-3.9.10\repository\org\junit\platform\junit-platform-engine\1.8.2\junit-platform-engine-1.8.2.jar;D:\Program Files\apache-maven-3.9.10\repository\org\mockito\mockito-core\4.0.0\mockito-core-4.0.0.jar;D:\Program Files\apache-maven-3.9.10\repository\net\bytebuddy\byte-buddy\1.11.22\byte-buddy-1.11.22.jar;D:\Program Files\apache-maven-3.9.10\repository\net\bytebuddy\byte-buddy-agent\1.11.22\byte-buddy-agent-1.11.22.jar;D:\Program Files\apache-maven-3.9.10\repository\org\objenesis\objenesis\3.2\objenesis-3.2.jar;D:\Program Files\apache-maven-3.9.10\repository\org\mockito\mockito-junit-jupiter\4.0.0\mockito-junit-jupiter-4.0.0.jar;D:\Program Files\apache-maven-3.9.10\repository\org\skyscreamer\jsonassert\1.5.1\jsonassert-1.5.1.jar;D:\Program Files\apache-maven-3.9.10\repository\com\vaadin\external\google\android-json\0.0.20131108.vaadin1\android-json-0.0.20131108.vaadin1.jar;D:\Program Files\apache-maven-3.9.10\repository\org\springframework\spring-core\5.3.23\spring-core-5.3.23.jar;D:\Program Files\apache-maven-3.9.10\repository\org\springframework\spring-jcl\5.3.23\spring-jcl-5.3.23.jar;D:\Program Files\apache-maven-3.9.10\repository\org\springframework\spring-test\5.3.23\spring-test-5.3.23.jar;D:\Program Files\apache-maven-3.9.10\repository\org\xmlunit\xmlunit-core\2.8.4\xmlunit-core-2.8.4.jar;D:\Program Files\apache-maven-3.9.10\repository\com\fasterxml\jackson\core\jackson-databind\2.15.2\jackson-databind-2.15.2.jar;D:\Program Files\apache-maven-3.9.10\repository\com\fasterxml\jackson\core\jackson-annotations\2.13.4\jackson-annotations-2.13.4.jar;D:\Program Files\apache-maven-3.9.10\repository\com\fasterxml\jackson\core\jackson-core\2.13.4\jackson-core-2.13.4.jar;D:\Program Files\apache-maven-3.9.10\repository\org\projectlombok\lombok\1.18.4\lombok-1.18.4.jar;"/>
    <property name="sun.cpu.endian" value="little"/>
    <property name="user.home" value="C:\Users\lizheng59"/>
    <property name="user.language" value="zh"/>
    <property name="java.specification.vendor" value="Oracle Corporation"/>
    <property name="java.version.date" value="2024-07-16"/>
    <property name="java.home" value="D:\Program Files\Java\jdk-11"/>
    <property name="file.separator" value="\"/>
    <property name="basedir" value="E:\work file\newDemo\newDemo"/>
    <property name="java.vm.compressedOopsMode" value="Zero based"/>
    <property name="line.separator" value="&#10;"/>
    <property name="java.specification.name" value="Java Platform API Specification"/>
    <property name="java.vm.specification.vendor" value="Oracle Corporation"/>
    <property name="FILE_LOG_CHARSET" value="GBK"/>
    <property name="java.awt.graphicsenv" value="sun.awt.Win32GraphicsEnvironment"/>
    <property name="java.awt.headless" value="true"/>
    <property name="surefire.real.class.path" value="C:\Users\lizheng59\AppData\Local\Temp\surefire7515873658291509574\surefirebooter-20250626165751192_3.jar"/>
    <property name="user.script" value=""/>
    <property name="sun.management.compiler" value="HotSpot 64-Bit Tiered Compilers"/>
    <property name="java.runtime.version" value="11.0.24+7-LTS-271"/>
    <property name="user.name" value="lizheng59"/>
    <property name="path.separator" value=";"/>
    <property name="os.version" value="10.0"/>
    <property name="java.runtime.name" value="Java(TM) SE Runtime Environment"/>
    <property name="file.encoding" value="GBK"/>
    <property name="spring.beaninfo.ignore" value="true"/>
    <property name="java.vm.name" value="Java HotSpot(TM) 64-Bit Server VM"/>
    <property name="java.vendor.version" value="18.9"/>
    <property name="localRepository" value="D:\Program Files\apache-maven-3.9.10\repository"/>
    <property name="java.vendor.url.bug" value="https://bugreport.java.com/bugreport/"/>
    <property name="java.io.tmpdir" value="C:\Users\lizheng59\AppData\Local\Temp\"/>
    <property name="idea.version" value="2025.1.2"/>
    <property name="com.zaxxer.hikari.pool_number" value="1"/>
    <property name="java.version" value="11.0.24"/>
    <property name="user.dir" value="E:\work file\newDemo\newDemo"/>
    <property name="os.arch" value="amd64"/>
    <property name="java.vm.specification.name" value="Java Virtual Machine Specification"/>
    <property name="PID" value="9576"/>
    <property name="java.awt.printerjob" value="sun.awt.windows.WPrinterJob"/>
    <property name="sun.os.patch.level" value=""/>
    <property name="CONSOLE_LOG_CHARSET" value="GBK"/>
    <property name="java.library.path" value="D:\Program Files\Java\jdk-11\bin;C:\Windows\Sun\Java\bin;C:\Windows\system32;C:\Windows;C:\Program Files\Common Files\Oracle\Java\javapath;C:\Program Files (x86)\Common Files\Oracle\Java\java8path;C:\Program Files (x86)\Common Files\Oracle\Java\javapath;C:\Windows\system32;C:\Windows;C:\Windows\System32\Wbem;C:\Windows\System32\WindowsPowerShell\v1.0\;C:\Windows\System32\OpenSSH\;D:\Program Files\Git\cmd;D:\Program Files\Java\jdk-11\bin;D:\Program Files\TortoiseSVN\bin;D:\Program Files\TortoiseGit\bin;C:\Users\lizheng59\AppData\Local\Microsoft\WindowsApps;D:\Program Files\JetBrains\IntelliJIDEA2025\bin;;D:\Program Files\apache-maven-3.9.10\bin;;."/>
    <property name="java.vendor" value="Oracle Corporation"/>
    <property name="java.vm.info" value="mixed mode"/>
    <property name="java.vm.version" value="11.0.24+7-LTS-271"/>
    <property name="java.specification.maintenance.version" value="2"/>
    <property name="sun.io.unicode.encoding" value="UnicodeLittle"/>
    <property name="maven.repo.local" value="D:\Program Files\apache-maven-3.9.10\repository"/>
    <property name="java.class.version" value="55.0"/>
  </properties>
  <testcase name="postgresqlTest" classname="org.lizheng59.NewDemoApplicationTests" time="0.633">
    <system-out><![CDATA[16:57:51.722 [main] DEBUG org.springframework.test.context.BootstrapUtils - Instantiating CacheAwareContextLoaderDelegate from class [org.springframework.test.context.cache.DefaultCacheAwareContextLoaderDelegate]
16:57:51.727 [main] DEBUG org.springframework.test.context.BootstrapUtils - Instantiating BootstrapContext using constructor [public org.springframework.test.context.support.DefaultBootstrapContext(java.lang.Class,org.springframework.test.context.CacheAwareContextLoaderDelegate)]
16:57:51.747 [main] DEBUG org.springframework.test.context.BootstrapUtils - Instantiating TestContextBootstrapper for test class [org.lizheng59.NewDemoApplicationTests] from class [org.springframework.boot.test.context.SpringBootTestContextBootstrapper]
16:57:51.754 [main] INFO org.springframework.boot.test.context.SpringBootTestContextBootstrapper - Neither @ContextConfiguration nor @ContextHierarchy found for test class [org.lizheng59.NewDemoApplicationTests], using SpringBootContextLoader
16:57:51.756 [main] DEBUG org.springframework.test.context.support.AbstractContextLoader - Did not detect default resource location for test class [org.lizheng59.NewDemoApplicationTests]: class path resource [org/lizheng59/NewDemoApplicationTests-context.xml] does not exist
16:57:51.757 [main] DEBUG org.springframework.test.context.support.AbstractContextLoader - Did not detect default resource location for test class [org.lizheng59.NewDemoApplicationTests]: class path resource [org/lizheng59/NewDemoApplicationTestsContext.groovy] does not exist
16:57:51.757 [main] INFO org.springframework.test.context.support.AbstractContextLoader - Could not detect default resource locations for test class [org.lizheng59.NewDemoApplicationTests]: no resource found for suffixes {-context.xml, Context.groovy}.
16:57:51.757 [main] INFO org.springframework.test.context.support.AnnotationConfigContextLoaderUtils - Could not detect default configuration classes for test class [org.lizheng59.NewDemoApplicationTests]: NewDemoApplicationTests does not declare any static, non-private, non-final, nested classes annotated with @Configuration.
16:57:51.784 [main] DEBUG org.springframework.test.context.support.ActiveProfilesUtils - Could not find an 'annotation declaring class' for annotation type [org.springframework.test.context.ActiveProfiles] and class [org.lizheng59.NewDemoApplicationTests]
16:57:51.822 [main] DEBUG org.springframework.context.annotation.ClassPathScanningCandidateComponentProvider - Identified candidate component class: file [E:\work file\newDemo\newDemo\target\classes\org\lizheng59\NewDemoApplication.class]
16:57:51.823 [main] INFO org.springframework.boot.test.context.SpringBootTestContextBootstrapper - Found @SpringBootConfiguration org.lizheng59.NewDemoApplication for test class org.lizheng59.NewDemoApplicationTests
16:57:51.886 [main] DEBUG org.springframework.boot.test.context.SpringBootTestContextBootstrapper - @TestExecutionListeners is not present for class [org.lizheng59.NewDemoApplicationTests]: using defaults.
16:57:51.886 [main] INFO org.springframework.boot.test.context.SpringBootTestContextBootstrapper - Loaded default TestExecutionListener class names from location [META-INF/spring.factories]: [org.springframework.boot.test.mock.mockito.MockitoTestExecutionListener, org.springframework.boot.test.mock.mockito.ResetMocksTestExecutionListener, org.springframework.boot.test.autoconfigure.restdocs.RestDocsTestExecutionListener, org.springframework.boot.test.autoconfigure.web.client.MockRestServiceServerResetTestExecutionListener, org.springframework.boot.test.autoconfigure.web.servlet.MockMvcPrintOnlyOnFailureTestExecutionListener, org.springframework.boot.test.autoconfigure.web.servlet.WebDriverTestExecutionListener, org.springframework.boot.test.autoconfigure.webservices.client.MockWebServiceServerTestExecutionListener, org.springframework.test.context.web.ServletTestExecutionListener, org.springframework.test.context.support.DirtiesContextBeforeModesTestExecutionListener, org.springframework.test.context.event.ApplicationEventsTestExecutionListener, org.springframework.test.context.support.DependencyInjectionTestExecutionListener, org.springframework.test.context.support.DirtiesContextTestExecutionListener, org.springframework.test.context.transaction.TransactionalTestExecutionListener, org.springframework.test.context.jdbc.SqlScriptsTestExecutionListener, org.springframework.test.context.event.EventPublishingTestExecutionListener]
16:57:51.897 [main] INFO org.springframework.boot.test.context.SpringBootTestContextBootstrapper - Using TestExecutionListeners: [org.springframework.test.context.web.ServletTestExecutionListener@60d1a32f, org.springframework.test.context.support.DirtiesContextBeforeModesTestExecutionListener@531c311e, org.springframework.test.context.event.ApplicationEventsTestExecutionListener@22b53226, org.springframework.boot.test.mock.mockito.MockitoTestExecutionListener@1fcb4808, org.springframework.boot.test.autoconfigure.SpringBootDependencyInjectionTestExecutionListener@726e5805, org.springframework.test.context.support.DirtiesContextTestExecutionListener@40c80397, org.springframework.test.context.transaction.TransactionalTestExecutionListener@4b672daa, org.springframework.test.context.jdbc.SqlScriptsTestExecutionListener@ea9b7c6, org.springframework.test.context.event.EventPublishingTestExecutionListener@e077866, org.springframework.boot.test.mock.mockito.ResetMocksTestExecutionListener@ed3068a, org.springframework.boot.test.autoconfigure.restdocs.RestDocsTestExecutionListener@7c2b6087, org.springframework.boot.test.autoconfigure.web.client.MockRestServiceServerResetTestExecutionListener@3fffff43, org.springframework.boot.test.autoconfigure.web.servlet.MockMvcPrintOnlyOnFailureTestExecutionListener@a8e6492, org.springframework.boot.test.autoconfigure.web.servlet.WebDriverTestExecutionListener@1c7fd41f, org.springframework.boot.test.autoconfigure.webservices.client.MockWebServiceServerTestExecutionListener@3b77a04f]
16:57:51.900 [main] DEBUG org.springframework.test.context.support.AbstractDirtiesContextTestExecutionListener - Before test class: context [DefaultTestContext@58ebfd03 testClass = NewDemoApplicationTests, testInstance = [null], testMethod = [null], testException = [null], mergedContextConfiguration = [WebMergedContextConfiguration@5b07730f testClass = NewDemoApplicationTests, locations = '{}', classes = '{class org.lizheng59.NewDemoApplication}', contextInitializerClasses = '[]', activeProfiles = '{}', propertySourceLocations = '{}', propertySourceProperties = '{org.springframework.boot.test.context.SpringBootTestContextBootstrapper=true}', contextCustomizers = set[org.springframework.boot.test.context.filter.ExcludeFilterContextCustomizer@5a5338df, org.springframework.boot.test.json.DuplicateJsonObjectContextCustomizerFactory$DuplicateJsonObjectContextCustomizer@5082d622, org.springframework.boot.test.mock.mockito.MockitoContextCustomizer@0, org.springframework.boot.test.web.client.TestRestTemplateContextCustomizer@48793bef, org.springframework.boot.test.autoconfigure.actuate.metrics.MetricsExportContextCustomizerFactory$DisableMetricExportContextCustomizer@41294f8, org.springframework.boot.test.autoconfigure.properties.PropertyMappingContextCustomizer@0, org.springframework.boot.test.autoconfigure.web.servlet.WebDriverContextCustomizerFactory$Customizer@5454d35e, org.springframework.boot.test.context.SpringBootTestArgs@1, org.springframework.boot.test.context.SpringBootTestWebEnvironment@35d019a3], resourceBasePath = 'src/main/webapp', contextLoader = 'org.springframework.boot.test.context.SpringBootContextLoader', parent = [null]], attributes = map['org.springframework.test.context.web.ServletTestExecutionListener.activateListener' -> true]], class annotated with @DirtiesContext [false] with mode [null].

  .   ____          _            __ _ _
 /\\ / ___'_ __ _ _(_)_ __  __ _ \ \ \ \
( ( )\___ | '_ | '_| | '_ \/ _` | \ \ \ \
 \\/  ___)| |_)| | | | | || (_| |  ) ) ) )
  '  |____| .__|_| |_|_| |_\__, | / / / /
 =========|_|==============|___/=/_/_/_/
 :: Spring Boot ::               (v2.6.13)

2025-06-26 16:57:52.137  INFO 9576 --- [           main] org.lizheng59.NewDemoApplicationTests    : Starting NewDemoApplicationTests using Java 11.0.24 on PC-HZ20377865 with PID 9576 (started by lizheng59 in E:\work file\newDemo\newDemo)
2025-06-26 16:57:52.138  INFO 9576 --- [           main] org.lizheng59.NewDemoApplicationTests    : No active profile set, falling back to 1 default profile: "default"
 _ _   |_  _ _|_. ___ _ |    _ 
| | |\/|_)(_| | |_\  |_)||_|_\ 
     /               |         
                        3.4.3.1 
@org.lizheng59.newDemo.annotation.EnableServiceProxy(excludeMethods={}, enabled=true)
2025-06-26 16:57:53.457  INFO 9576 --- [           main] o.s.b.a.w.s.WelcomePageHandlerMapping    : Adding welcome page: class path resource [static/index.html]
2025-06-26 16:57:53.867  INFO 9576 --- [           main] org.lizheng59.NewDemoApplicationTests    : Started NewDemoApplicationTests in 1.942 seconds (JVM running for 2.567)
2025-06-26 16:57:54.252  INFO 9576 --- [           main] com.zaxxer.hikari.HikariDataSource       : HikariPool-1 - Starting...
2025-06-26 16:57:54.518  INFO 9576 --- [           main] com.zaxxer.hikari.HikariDataSource       : HikariPool-1 - Start completed.
记录总数：3
]]></system-out>
  </testcase>
  <testcase name="contextLoads" classname="org.lizheng59.NewDemoApplicationTests" time="0.003"/>
</testsuite>